This file contains any messages produced by compilers while
running configure, to aid debugging if configure makes a mistake.

It was created by configure, which was
generated by GNU Autoconf 2.68.  Invocation command line was

  $ ./configure --prefix=/home/ffl/local --no-create --no-recursion

## --------- ##
## Platform. ##
## --------- ##

hostname = pc2ffl
uname -m = x86_64
uname -r = 2.6.38-gentoo-r6
uname -s = Linux
uname -v = #1 SMP PREEMPT Tue Jul 12 13:57:50 BST 2011

/usr/bin/uname -p = Intel(R) Core(TM) i7 CPU 870 @ 2.93GHz
/bin/uname -X     = unknown

/bin/arch              = unknown
/usr/bin/arch -k       = unknown
/usr/convex/getsysinfo = unknown
/usr/bin/hostinfo      = unknown
/bin/machine           = unknown
/usr/bin/oslevel       = unknown
/bin/universe          = unknown

PATH: /home/ffl/local/bin
PATH: /usr/local/bin
PATH: /usr/bin
PATH: /bin
PATH: /opt/bin
PATH: /usr/x86_64-pc-linux-gnu/gcc-bin/4.4.5


## ----------- ##
## Core tests. ##
## ----------- ##

configure:2254: checking for a BSD-compatible install
configure:2322: result: /usr/bin/install -c
configure:2333: checking whether build environment is sane
configure:2370: result: yes
configure:2497: checking for a thread-safe mkdir -p
configure:2536: result: /bin/mkdir -p
configure:2549: checking for gawk
configure:2565: found /usr/bin/gawk
configure:2576: result: gawk
configure:2587: checking whether make sets $(MAKE)
configure:2609: result: yes
configure:2754: checking for g++
configure:2770: found /usr/bin/g++
configure:2781: result: g++
configure:2808: checking for C++ compiler version
configure:2817: g++ --version >&5
g++ (Gentoo 4.4.5 p1.2, pie-0.4.5) 4.4.5
Copyright (C) 2010 Free Software Foundation, Inc.
This is free software; see the source for copying conditions.  There is NO
warranty; not even for MERCHANTABILITY or FITNESS FOR A PARTICULAR PURPOSE.

configure:2828: $? = 0
configure:2817: g++ -v >&5
Using built-in specs.
Target: x86_64-pc-linux-gnu
Configured with: /var/tmp/portage/sys-devel/gcc-4.4.5/work/gcc-4.4.5/configure --prefix=/usr --bindir=/usr/x86_64-pc-linux-gnu/gcc-bin/4.4.5 --includedir=/usr/lib/gcc/x86_64-pc-linux-gnu/4.4.5/include --datadir=/usr/share/gcc-data/x86_64-pc-linux-gnu/4.4.5 --mandir=/usr/share/gcc-data/x86_64-pc-linux-gnu/4.4.5/man --infodir=/usr/share/gcc-data/x86_64-pc-linux-gnu/4.4.5/info --with-gxx-include-dir=/usr/lib/gcc/x86_64-pc-linux-gnu/4.4.5/include/g++-v4 --host=x86_64-pc-linux-gnu --build=x86_64-pc-linux-gnu --disable-altivec --disable-fixed-point --without-ppl --without-cloog --enable-nls --without-included-gettext --with-system-zlib --disable-werror --enable-secureplt --enable-multilib --enable-libmudflap --disable-libssp --enable-libgomp --with-python-dir=/share/gcc-data/x86_64-pc-linux-gnu/4.4.5/python --enable-checking=release --disable-libgcj --enable-languages=c,c++,fortran --enable-shared --enable-threads=posix --enable-__cxa_atexit --enable-clocale=gnu --with-bugurl=http://bugs.gentoo.org/ --with-pkgversion='Gentoo 4.4.5 p1.2, pie-0.4.5'
Thread model: posix
gcc version 4.4.5 (Gentoo 4.4.5 p1.2, pie-0.4.5) 
configure:2828: $? = 0
configure:2817: g++ -V >&5
g++: '-V' option must have argument
configure:2828: $? = 1
configure:2817: g++ -qversion >&5
g++: unrecognized option '-qversion'
g++: no input files
configure:2828: $? = 1
configure:2848: checking whether the C++ compiler works
configure:2870: g++    conftest.cpp  >&5
configure:2874: $? = 0
configure:2922: result: yes
configure:2925: checking for C++ compiler default output file name
configure:2927: result: a.out
configure:2933: checking for suffix of executables
configure:2940: g++ -o conftest    conftest.cpp  >&5
configure:2944: $? = 0
configure:2966: result: 
configure:2988: checking whether we are cross compiling
configure:2996: g++ -o conftest    conftest.cpp  >&5
configure:3000: $? = 0
configure:3007: ./conftest
configure:3011: $? = 0
configure:3026: result: no
configure:3031: checking for suffix of object files
configure:3053: g++ -c   conftest.cpp >&5
configure:3057: $? = 0
configure:3078: result: o
configure:3082: checking whether we are using the GNU C++ compiler
configure:3101: g++ -c   conftest.cpp >&5
configure:3101: $? = 0
configure:3110: result: yes
configure:3119: checking whether g++ accepts -g
configure:3139: g++ -c -g  conftest.cpp >&5
configure:3139: $? = 0
configure:3180: result: yes
configure:3214: checking for style of include used by make
configure:3242: result: GNU
configure:3267: checking dependency style of g++
configure:3377: result: gcc3
configure:3421: checking build system type
configure:3435: result: x86_64-unknown-linux-gnu
configure:3455: checking host system type
configure:3468: result: x86_64-unknown-linux-gnu
configure:3509: checking how to print strings
configure:3536: result: printf
configure:3605: checking for gcc
configure:3621: found /usr/bin/gcc
configure:3632: result: gcc
configure:3861: checking for C compiler version
configure:3870: gcc --version >&5
gcc (Gentoo 4.4.5 p1.2, pie-0.4.5) 4.4.5
Copyright (C) 2010 Free Software Foundation, Inc.
This is free software; see the source for copying conditions.  There is NO
warranty; not even for MERCHANTABILITY or FITNESS FOR A PARTICULAR PURPOSE.

configure:3881: $? = 0
configure:3870: gcc -v >&5
Using built-in specs.
Target: x86_64-pc-linux-gnu
Configured with: /var/tmp/portage/sys-devel/gcc-4.4.5/work/gcc-4.4.5/configure --prefix=/usr --bindir=/usr/x86_64-pc-linux-gnu/gcc-bin/4.4.5 --includedir=/usr/lib/gcc/x86_64-pc-linux-gnu/4.4.5/include --datadir=/usr/share/gcc-data/x86_64-pc-linux-gnu/4.4.5 --mandir=/usr/share/gcc-data/x86_64-pc-linux-gnu/4.4.5/man --infodir=/usr/share/gcc-data/x86_64-pc-linux-gnu/4.4.5/info --with-gxx-include-dir=/usr/lib/gcc/x86_64-pc-linux-gnu/4.4.5/include/g++-v4 --host=x86_64-pc-linux-gnu --build=x86_64-pc-linux-gnu --disable-altivec --disable-fixed-point --without-ppl --without-cloog --enable-nls --without-included-gettext --with-system-zlib --disable-werror --enable-secureplt --enable-multilib --enable-libmudflap --disable-libssp --enable-libgomp --with-python-dir=/share/gcc-data/x86_64-pc-linux-gnu/4.4.5/python --enable-checking=release --disable-libgcj --enable-languages=c,c++,fortran --enable-shared --enable-threads=posix --enable-__cxa_atexit --enable-clocale=gnu --with-bugurl=http://bugs.gentoo.org/ --with-pkgversion='Gentoo 4.4.5 p1.2, pie-0.4.5'
Thread model: posix
gcc version 4.4.5 (Gentoo 4.4.5 p1.2, pie-0.4.5) 
configure:3881: $? = 0
configure:3870: gcc -V >&5
gcc: '-V' option must have argument
configure:3881: $? = 1
configure:3870: gcc -qversion >&5
gcc: unrecognized option '-qversion'
gcc: no input files
configure:3881: $? = 1
configure:3885: checking whether we are using the GNU C compiler
configure:3904: gcc -c   conftest.c >&5
configure:3904: $? = 0
configure:3913: result: yes
configure:3922: checking whether gcc accepts -g
configure:3942: gcc -c -g  conftest.c >&5
configure:3942: $? = 0
configure:3983: result: yes
configure:4000: checking for gcc option to accept ISO C89
configure:4064: gcc  -c -g -O2  conftest.c >&5
configure:4064: $? = 0
configure:4077: result: none needed
configure:4099: checking dependency style of gcc
configure:4209: result: gcc3
configure:4224: checking for a sed that does not truncate output
configure:4288: result: /bin/sed
configure:4306: checking for grep that handles long lines and -e
configure:4364: result: /bin/grep
configure:4369: checking for egrep
configure:4431: result: /bin/grep -E
configure:4436: checking for fgrep
configure:4498: result: /bin/grep -F
configure:4533: checking for ld used by gcc
configure:4600: result: /usr/x86_64-pc-linux-gnu/bin/ld
configure:4607: checking if the linker (/usr/x86_64-pc-linux-gnu/bin/ld) is GNU ld
configure:4622: result: yes
configure:4634: checking for BSD- or MS-compatible name lister (nm)
configure:4683: result: /usr/bin/nm -B
configure:4813: checking the name lister (/usr/bin/nm -B) interface
configure:4820: g++ -c -g -O2  conftest.cpp >&5
configure:4823: /usr/bin/nm -B "conftest.o"
configure:4826: output
0000000000000000 B some_variable
configure:4833: result: BSD nm
configure:4836: checking whether ln -s works
configure:4840: result: yes
configure:4848: checking the maximum length of command line arguments
configure:4973: result: 1572864
configure:4990: checking whether the shell understands some XSI constructs
configure:5000: result: yes
configure:5004: checking whether the shell understands "+="
configure:5010: result: yes
configure:5045: checking for /usr/x86_64-pc-linux-gnu/bin/ld option to reload object files
configure:5052: result: -r
configure:5121: checking for objdump
configure:5137: found /usr/bin/objdump
configure:5148: result: objdump
configure:5180: checking how to recognize dependent libraries
configure:5382: result: pass_all
configure:5442: checking for ar
configure:5458: found /usr/bin/ar
configure:5469: result: ar
configure:5547: checking for strip
configure:5563: found /usr/bin/strip
configure:5574: result: strip
configure:5646: checking for ranlib
configure:5662: found /usr/bin/ranlib
configure:5673: result: ranlib
configure:5775: checking command to parse /usr/bin/nm -B output from gcc object
configure:5893: g++ -c -g -O2  conftest.cpp >&5
configure:5896: $? = 0
configure:5900: /usr/bin/nm -B conftest.o \| sed -n -e 's/^.*[ ]\([ABCDGIRSTW][ABCDGIRSTW]*\)[ ][ ]*\([_A-Za-z][_A-Za-z0-9]*\)$/\1 \2 \2/p' \> conftest.nm
configure:5903: $? = 0
configure:5957: g++ -o conftest -g -O2   conftest.cpp conftstm.o >&5
configure:5960: $? = 0
configure:5998: result: ok
configure:6094: g++ -c -g -O2  conftest.cpp >&5
configure:6097: $? = 0
configure:6839: checking how to run the C preprocessor
configure:6870: gcc -E  conftest.c
configure:6870: $? = 0
configure:6884: gcc -E  conftest.c
conftest.c:11:28: error: ac_nonexistent.h: No such file or directory
configure:6884: $? = 1
configure: failed program was:
| /* confdefs.h */
| #define PACKAGE_NAME ""
| #define PACKAGE_TARNAME ""
| #define PACKAGE_VERSION ""
| #define PACKAGE_STRING ""
| #define PACKAGE_BUGREPORT ""
| #define PACKAGE_URL ""
| #define PACKAGE "control_box"
| #define VERSION "0.1"
| /* end confdefs.h.  */
| #include <ac_nonexistent.h>
configure:6909: result: gcc -E
configure:6929: gcc -E  conftest.c
configure:6929: $? = 0
configure:6943: gcc -E  conftest.c
conftest.c:11:28: error: ac_nonexistent.h: No such file or directory
configure:6943: $? = 1
configure: failed program was:
| /* confdefs.h */
| #define PACKAGE_NAME ""
| #define PACKAGE_TARNAME ""
| #define PACKAGE_VERSION ""
| #define PACKAGE_STRING ""
| #define PACKAGE_BUGREPORT ""
| #define PACKAGE_URL ""
| #define PACKAGE "control_box"
| #define VERSION "0.1"
| /* end confdefs.h.  */
| #include <ac_nonexistent.h>
configure:6972: checking for ANSI C header files
configure:6992: gcc -c -g -O2  conftest.c >&5
configure:6992: $? = 0
configure:7065: gcc -o conftest -g -O2   conftest.c  >&5
configure:7065: $? = 0
configure:7065: ./conftest
configure:7065: $? = 0
configure:7076: result: yes
configure:7089: checking for sys/types.h
configure:7089: gcc -c -g -O2  conftest.c >&5
configure:7089: $? = 0
configure:7089: result: yes
configure:7089: checking for sys/stat.h
configure:7089: gcc -c -g -O2  conftest.c >&5
configure:7089: $? = 0
configure:7089: result: yes
configure:7089: checking for stdlib.h
configure:7089: gcc -c -g -O2  conftest.c >&5
configure:7089: $? = 0
configure:7089: result: yes
configure:7089: checking for string.h
configure:7089: gcc -c -g -O2  conftest.c >&5
configure:7089: $? = 0
configure:7089: result: yes
configure:7089: checking for memory.h
configure:7089: gcc -c -g -O2  conftest.c >&5
configure:7089: $? = 0
configure:7089: result: yes
configure:7089: checking for strings.h
configure:7089: gcc -c -g -O2  conftest.c >&5
configure:7089: $? = 0
configure:7089: result: yes
configure:7089: checking for inttypes.h
configure:7089: gcc -c -g -O2  conftest.c >&5
configure:7089: $? = 0
configure:7089: result: yes
configure:7089: checking for stdint.h
configure:7089: gcc -c -g -O2  conftest.c >&5
configure:7089: $? = 0
configure:7089: result: yes
configure:7089: checking for unistd.h
configure:7089: gcc -c -g -O2  conftest.c >&5
configure:7089: $? = 0
configure:7089: result: yes
configure:7103: checking for dlfcn.h
configure:7103: gcc -c -g -O2  conftest.c >&5
configure:7103: $? = 0
configure:7103: result: yes
configure:7291: checking for objdir
configure:7306: result: .libs
configure:7573: checking if gcc supports -fno-rtti -fno-exceptions
configure:7591: gcc -c -g -O2  -fno-rtti -fno-exceptions conftest.c >&5
cc1: warning: command line option "-fno-rtti" is valid for C++/ObjC++ but not for C
configure:7595: $? = 0
configure:7608: result: no
configure:7628: checking for gcc option to produce PIC
configure:7913: result: -fPIC -DPIC
configure:7925: checking if gcc PIC flag -fPIC -DPIC works
configure:7943: gcc -c -g -O2  -fPIC -DPIC -DPIC conftest.c >&5
configure:7947: $? = 0
configure:7960: result: yes
configure:7984: checking if gcc static flag -static works
configure:8012: result: yes
configure:8027: checking if gcc supports -c -o file.o
configure:8048: gcc -c -g -O2  -o out/conftest2.o conftest.c >&5
configure:8052: $? = 0
configure:8074: result: yes
configure:8082: checking if gcc supports -c -o file.o
configure:8129: result: yes
configure:8162: checking whether the gcc linker (/usr/x86_64-pc-linux-gnu/bin/ld -m elf_x86_64) supports shared libraries
configure:9237: result: yes
configure:9274: checking whether -lc should be explicitly linked in
configure:9282: gcc -c -g -O2  conftest.c >&5
configure:9285: $? = 0
configure:9300: gcc -shared conftest.o  -v -Wl,-soname -Wl,conftest -o conftest 2\>\&1 \| /bin/grep  -lc  \>/dev/null 2\>\&1
configure:9303: $? = 0
configure:9317: result: no
configure:9482: checking dynamic linker characteristics
configure:9950: gcc -o conftest -g -O2   -Wl,-rpath -Wl,/foo conftest.c  >&5
configure:9950: $? = 0
configure:10172: result: GNU/Linux ld.so
configure:10279: checking how to hardcode library paths into programs
configure:10304: result: immediate
configure:10844: checking whether stripping libraries is possible
configure:10849: result: yes
configure:10884: checking if libtool supports shared libraries
configure:10886: result: yes
configure:10889: checking whether to build shared libraries
configure:10910: result: yes
configure:10913: checking whether to build static libraries
configure:10917: result: yes
configure:10940: checking how to run the C++ preprocessor
configure:10967: g++ -E  conftest.cpp
configure:10967: $? = 0
configure:10981: g++ -E  conftest.cpp
conftest.cpp:23:28: error: ac_nonexistent.h: No such file or directory
configure:10981: $? = 1
configure: failed program was:
| /* confdefs.h */
| #define PACKAGE_NAME ""
| #define PACKAGE_TARNAME ""
| #define PACKAGE_VERSION ""
| #define PACKAGE_STRING ""
| #define PACKAGE_BUGREPORT ""
| #define PACKAGE_URL ""
| #define PACKAGE "control_box"
| #define VERSION "0.1"
| #define STDC_HEADERS 1
| #define HAVE_SYS_TYPES_H 1
| #define HAVE_SYS_STAT_H 1
| #define HAVE_STDLIB_H 1
| #define HAVE_STRING_H 1
| #define HAVE_MEMORY_H 1
| #define HAVE_STRINGS_H 1
| #define HAVE_INTTYPES_H 1
| #define HAVE_STDINT_H 1
| #define HAVE_UNISTD_H 1
| #define HAVE_DLFCN_H 1
| #define LT_OBJDIR ".libs/"
| /* end confdefs.h.  */
| #include <ac_nonexistent.h>
configure:11006: result: g++ -E
configure:11026: g++ -E  conftest.cpp
configure:11026: $? = 0
configure:11040: g++ -E  conftest.cpp
conftest.cpp:23:28: error: ac_nonexistent.h: No such file or directory
configure:11040: $? = 1
configure: failed program was:
| /* confdefs.h */
| #define PACKAGE_NAME ""
| #define PACKAGE_TARNAME ""
| #define PACKAGE_VERSION ""
| #define PACKAGE_STRING ""
| #define PACKAGE_BUGREPORT ""
| #define PACKAGE_URL ""
| #define PACKAGE "control_box"
| #define VERSION "0.1"
| #define STDC_HEADERS 1
| #define HAVE_SYS_TYPES_H 1
| #define HAVE_SYS_STAT_H 1
| #define HAVE_STDLIB_H 1
| #define HAVE_STRING_H 1
| #define HAVE_MEMORY_H 1
| #define HAVE_STRINGS_H 1
| #define HAVE_INTTYPES_H 1
| #define HAVE_STDINT_H 1
| #define HAVE_UNISTD_H 1
| #define HAVE_DLFCN_H 1
| #define LT_OBJDIR ".libs/"
| /* end confdefs.h.  */
| #include <ac_nonexistent.h>
configure:11208: checking for ld used by g++
configure:11275: result: /usr/x86_64-pc-linux-gnu/bin/ld -m elf_x86_64
configure:11282: checking if the linker (/usr/x86_64-pc-linux-gnu/bin/ld -m elf_x86_64) is GNU ld
configure:11297: result: yes
configure:11352: checking whether the g++ linker (/usr/x86_64-pc-linux-gnu/bin/ld -m elf_x86_64) supports shared libraries
configure:12284: result: yes
configure:12312: g++ -c -g -O2  conftest.cpp >&5
configure:12315: $? = 0
configure:12497: checking for g++ option to produce PIC
configure:12819: result: -fPIC -DPIC
configure:12828: checking if g++ PIC flag -fPIC -DPIC works
configure:12846: g++ -c -g -O2  -fPIC -DPIC -DPIC conftest.cpp >&5
configure:12850: $? = 0
configure:12863: result: yes
configure:12884: checking if g++ static flag -static works
configure:12912: result: yes
configure:12924: checking if g++ supports -c -o file.o
configure:12945: g++ -c -g -O2  -o out/conftest2.o conftest.cpp >&5
configure:12949: $? = 0
configure:12971: result: yes
configure:12976: checking if g++ supports -c -o file.o
configure:13023: result: yes
configure:13053: checking whether the g++ linker (/usr/x86_64-pc-linux-gnu/bin/ld -m elf_x86_64) supports shared libraries
configure:13081: result: yes
configure:13224: checking dynamic linker characteristics
configure:13848: result: GNU/Linux ld.so
configure:13901: checking how to hardcode library paths into programs
configure:13926: result: immediate
configure:14154: creating ./config.status

## ---------------- ##
## Cache variables. ##
## ---------------- ##

ac_cv_build=x86_64-unknown-linux-gnu
ac_cv_c_compiler_gnu=yes
ac_cv_cxx_compiler_gnu=yes
ac_cv_env_CCC_set=
ac_cv_env_CCC_value=
ac_cv_env_CC_set=
ac_cv_env_CC_value=
ac_cv_env_CFLAGS_set=
ac_cv_env_CFLAGS_value=
ac_cv_env_CPPFLAGS_set=
ac_cv_env_CPPFLAGS_value=
ac_cv_env_CPP_set=
ac_cv_env_CPP_value=
ac_cv_env_CXXCPP_set=
ac_cv_env_CXXCPP_value=
ac_cv_env_CXXFLAGS_set=
ac_cv_env_CXXFLAGS_value=
ac_cv_env_CXX_set=
ac_cv_env_CXX_value=
ac_cv_env_LDFLAGS_set=
ac_cv_env_LDFLAGS_value=
ac_cv_env_LIBS_set=
ac_cv_env_LIBS_value=
ac_cv_env_build_alias_set=
ac_cv_env_build_alias_value=
ac_cv_env_host_alias_set=
ac_cv_env_host_alias_value=
ac_cv_env_target_alias_set=
ac_cv_env_target_alias_value=
ac_cv_header_dlfcn_h=yes
ac_cv_header_inttypes_h=yes
ac_cv_header_memory_h=yes
ac_cv_header_stdc=yes
ac_cv_header_stdint_h=yes
ac_cv_header_stdlib_h=yes
ac_cv_header_string_h=yes
ac_cv_header_strings_h=yes
ac_cv_header_sys_stat_h=yes
ac_cv_header_sys_types_h=yes
ac_cv_header_unistd_h=yes
ac_cv_host=x86_64-unknown-linux-gnu
ac_cv_objext=o
ac_cv_path_EGREP='/bin/grep -E'
ac_cv_path_FGREP='/bin/grep -F'
ac_cv_path_GREP=/bin/grep
ac_cv_path_SED=/bin/sed
ac_cv_path_install='/usr/bin/install -c'
ac_cv_path_mkdir=/bin/mkdir
ac_cv_prog_AWK=gawk
ac_cv_prog_CPP='gcc -E'
ac_cv_prog_CXXCPP='g++ -E'
ac_cv_prog_ac_ct_AR=ar
ac_cv_prog_ac_ct_CC=gcc
ac_cv_prog_ac_ct_CXX=g++
ac_cv_prog_ac_ct_OBJDUMP=objdump
ac_cv_prog_ac_ct_RANLIB=ranlib
ac_cv_prog_ac_ct_STRIP=strip
ac_cv_prog_cc_c89=
ac_cv_prog_cc_g=yes
ac_cv_prog_cxx_g=yes
ac_cv_prog_make_make_set=yes
am_cv_CC_dependencies_compiler_type=gcc3
am_cv_CXX_dependencies_compiler_type=gcc3
lt_cv_archive_cmds_need_lc=no
lt_cv_deplibs_check_method=pass_all
lt_cv_file_magic_cmd='$MAGIC_CMD'
lt_cv_file_magic_test_file=
lt_cv_ld_reload_flag=-r
lt_cv_nm_interface='BSD nm'
lt_cv_objdir=.libs
lt_cv_path_LD=/usr/x86_64-pc-linux-gnu/bin/ld
lt_cv_path_LDCXX='/usr/x86_64-pc-linux-gnu/bin/ld -m elf_x86_64'
lt_cv_path_NM='/usr/bin/nm -B'
lt_cv_prog_compiler_c_o=yes
lt_cv_prog_compiler_c_o_CXX=yes
lt_cv_prog_compiler_pic_works=yes
lt_cv_prog_compiler_pic_works_CXX=yes
lt_cv_prog_compiler_rtti_exceptions=no
lt_cv_prog_compiler_static_works=yes
lt_cv_prog_compiler_static_works_CXX=yes
lt_cv_prog_gnu_ld=yes
lt_cv_prog_gnu_ldcxx=yes
lt_cv_shlibpath_overrides_runpath=yes
lt_cv_sys_global_symbol_pipe='sed -n -e '\''s/^.*[	 ]\([ABCDGIRSTW][ABCDGIRSTW]*\)[	 ][	 ]*\([_A-Za-z][_A-Za-z0-9]*\)$/\1 \2 \2/p'\'''
lt_cv_sys_global_symbol_to_c_name_address='sed -n -e '\''s/^: \([^ ]*\) $/  {\"\1\", (void *) 0},/p'\'' -e '\''s/^[ABCDGIRSTW]* \([^ ]*\) \([^ ]*\)$/  {"\2", (void *) \&\2},/p'\'''
lt_cv_sys_global_symbol_to_c_name_address_lib_prefix='sed -n -e '\''s/^: \([^ ]*\) $/  {\"\1\", (void *) 0},/p'\'' -e '\''s/^[ABCDGIRSTW]* \([^ ]*\) \(lib[^ ]*\)$/  {"\2", (void *) \&\2},/p'\'' -e '\''s/^[ABCDGIRSTW]* \([^ ]*\) \([^ ]*\)$/  {"lib\2", (void *) \&\2},/p'\'''
lt_cv_sys_global_symbol_to_cdecl='sed -n -e '\''s/^T .* \(.*\)$/extern int \1();/p'\'' -e '\''s/^[ABCDGIRSTW]* .* \(.*\)$/extern char \1;/p'\'''
lt_cv_sys_max_cmd_len=1572864

## ----------------- ##
## Output variables. ##
## ----------------- ##

ACLOCAL='${SHELL} /home/ffl/local/src/control_box/missing --run aclocal-1.10'
AMDEPBACKSLASH='\'
AMDEP_FALSE='#'
AMDEP_TRUE=''
AMTAR='${SHELL} /home/ffl/local/src/control_box/missing --run tar'
AR='ar'
AUTOCONF='${SHELL} /home/ffl/local/src/control_box/missing --run autoconf'
AUTOHEADER='${SHELL} /home/ffl/local/src/control_box/missing --run autoheader'
AUTOMAKE='${SHELL} /home/ffl/local/src/control_box/missing --run automake-1.10'
AWK='gawk'
CC='gcc'
CCDEPMODE='depmode=gcc3'
CFLAGS='-g -O2'
CPP='gcc -E'
CPPFLAGS=''
CXX='g++'
CXXCPP='g++ -E'
CXXDEPMODE='depmode=gcc3'
CXXFLAGS='-g -O2'
CYGPATH_W='echo'
DEFS='-DPACKAGE_NAME=\"\" -DPACKAGE_TARNAME=\"\" -DPACKAGE_VERSION=\"\" -DPACKAGE_STRING=\"\" -DPACKAGE_BUGREPORT=\"\" -DPACKAGE_URL=\"\" -DPACKAGE=\"control_box\" -DVERSION=\"0.1\" -DSTDC_HEADERS=1 -DHAVE_SYS_TYPES_H=1 -DHAVE_SYS_STAT_H=1 -DHAVE_STDLIB_H=1 -DHAVE_STRING_H=1 -DHAVE_MEMORY_H=1 -DHAVE_STRINGS_H=1 -DHAVE_INTTYPES_H=1 -DHAVE_STDINT_H=1 -DHAVE_UNISTD_H=1 -DHAVE_DLFCN_H=1 -DLT_OBJDIR=\".libs/\"'
DEPDIR='.deps'
DSYMUTIL=''
DUMPBIN=''
ECHO_C=''
ECHO_N='-n'
ECHO_T=''
EGREP='/bin/grep -E'
EXEEXT=''
FGREP='/bin/grep -F'
GREP='/bin/grep'
INSTALL_DATA='${INSTALL} -m 644'
INSTALL_PROGRAM='${INSTALL}'
INSTALL_SCRIPT='${INSTALL}'
INSTALL_STRIP_PROGRAM='$(install_sh) -c -s'
LD='/usr/x86_64-pc-linux-gnu/bin/ld -m elf_x86_64'
LDFLAGS=''
LIBOBJS=''
LIBS=''
LIBTOOL='$(SHELL) $(top_builddir)/libtool'
LIPO=''
LN_S='ln -s'
LTLIBOBJS=''
MAKEINFO='${SHELL} /home/ffl/local/src/control_box/missing --run makeinfo'
MKDIR_P='/bin/mkdir -p'
NM='/usr/bin/nm -B'
NMEDIT=''
OBJDUMP='objdump'
OBJEXT='o'
OTOOL64=''
OTOOL=''
PACKAGE='control_box'
PACKAGE_BUGREPORT=''
PACKAGE_NAME=''
PACKAGE_STRING=''
PACKAGE_TARNAME=''
PACKAGE_URL=''
PACKAGE_VERSION=''
PATH_SEPARATOR=':'
RANLIB='ranlib'
SED='/bin/sed'
SET_MAKE=''
SHELL='/bin/sh'
STRIP='strip'
VERSION='0.1'
ac_ct_CC='gcc'
ac_ct_CXX='g++'
ac_ct_DUMPBIN=''
am__fastdepCC_FALSE='#'
am__fastdepCC_TRUE=''
am__fastdepCXX_FALSE='#'
am__fastdepCXX_TRUE=''
am__include='include'
am__isrc=''
am__leading_dot='.'
am__quote=''
am__tar='${AMTAR} chof - "$$tardir"'
am__untar='${AMTAR} xf -'
bindir='${exec_prefix}/bin'
build='x86_64-unknown-linux-gnu'
build_alias=''
build_cpu='x86_64'
build_os='linux-gnu'
build_vendor='unknown'
datadir='${datarootdir}'
datarootdir='${prefix}/share'
docdir='${datarootdir}/doc/${PACKAGE}'
dvidir='${docdir}'
exec_prefix='${prefix}'
host='x86_64-unknown-linux-gnu'
host_alias=''
host_cpu='x86_64'
host_os='linux-gnu'
host_vendor='unknown'
htmldir='${docdir}'
includedir='${prefix}/include'
infodir='${datarootdir}/info'
install_sh='$(SHELL) /home/ffl/local/src/control_box/install-sh'
libdir='${exec_prefix}/lib'
libexecdir='${exec_prefix}/libexec'
localedir='${datarootdir}/locale'
localstatedir='${prefix}/var'
mandir='${datarootdir}/man'
mkdir_p='/bin/mkdir -p'
oldincludedir='/usr/include'
pdfdir='${docdir}'
prefix='/home/ffl/local'
program_transform_name='s,x,x,'
psdir='${docdir}'
sbindir='${exec_prefix}/sbin'
sharedstatedir='${prefix}/com'
sysconfdir='${prefix}/etc'
target_alias=''

## ----------- ##
## confdefs.h. ##
## ----------- ##

/* confdefs.h */
#define PACKAGE_NAME ""
#define PACKAGE_TARNAME ""
#define PACKAGE_VERSION ""
#define PACKAGE_STRING ""
#define PACKAGE_BUGREPORT ""
#define PACKAGE_URL ""
#define PACKAGE "control_box"
#define VERSION "0.1"
#define STDC_HEADERS 1
#define HAVE_SYS_TYPES_H 1
#define HAVE_SYS_STAT_H 1
#define HAVE_STDLIB_H 1
#define HAVE_STRING_H 1
#define HAVE_MEMORY_H 1
#define HAVE_STRINGS_H 1
#define HAVE_INTTYPES_H 1
#define HAVE_STDINT_H 1
#define HAVE_UNISTD_H 1
#define HAVE_DLFCN_H 1
#define LT_OBJDIR ".libs/"

configure: exit 0

## ---------------------- ##
## Running config.status. ##
## ---------------------- ##

This file was extended by config.status, which was
generated by GNU Autoconf 2.68.  Invocation command line was

  CONFIG_FILES    = 
  CONFIG_HEADERS  = 
  CONFIG_LINKS    = 
  CONFIG_COMMANDS = 
  $ ./config.status 

on pc2ffl

config.status:1063: creating Makefile
config.status:1063: creating src/c_library/Makefile
config.status:1063: creating src/c_client/Makefile
config.status:1063: creating src/c_switches/Makefile
config.status:1063: creating Doxyfile
config.status:1063: creating box_api-config
config.status:1235: executing depfiles commands
config.status:1235: executing libtool commands
